<?xml version="1.0" encoding="UTF-8"?>
<!-- Generated by org.testng.reporters.JUnitReportReporter -->
<testsuite hostname="DESKTOP-4L5EN7I" failures="0" tests="1" name="Testing.Gestures" time="18.033" errors="0" timestamp="2022-12-25T15:58:05 IST" skipped="0">
  <testcase classname="Testing.Gestures" name="activityClass" time="18.033"/>
  <system-out/>
</testsuite> <!-- Testing.Gestures -->
