<?xml version="1.0" encoding="UTF-8"?>
<!-- Generated by org.testng.reporters.JUnitReportReporter -->
<testsuite hostname="DESKTOP-4L5EN7I" failures="0" tests="1" name="general_store_Testing.Add_To_Cart" time="109.591" errors="0" timestamp="2023-01-21T13:04:22 IST" skipped="0">
  <testcase classname="general_store_Testing.Add_To_Cart" name="addTocart_SumThePrice_visitTheWebSite" time="109.591"/>
  <system-out/>
</testsuite> <!-- general_store_Testing.Add_To_Cart -->
