<?xml version="1.0" encoding="UTF-8"?>
<!-- Generated by org.testng.reporters.JUnitReportReporter -->
<testsuite hostname="DESKTOP-4L5EN7I" failures="0" tests="1" name="general_store_Testing.Installing_GS_apk" time="66.734" errors="0" timestamp="2023-01-19T11:31:09 IST" skipped="0">
  <testcase classname="general_store_Testing.Installing_GS_apk" name="add_to_Cart" time="66.734"/>
  <system-out/>
</testsuite> <!-- general_store_Testing.Installing_GS_apk -->
