<?xml version="1.0" encoding="UTF-8"?>
<!-- Generated by org.testng.reporters.JUnitReportReporter -->
<testsuite hostname="DESKTOP-4L5EN7I" failures="0" tests="1" name="general_store_Testing.Ecommerce_Application" time="90.308" errors="0" timestamp="2023-01-19T21:43:34 IST" skipped="0">
  <testcase classname="general_store_Testing.Ecommerce_Application" name="addTocart_SumThePrice_visitTheWebSite" time="90.308"/>
  <system-out/>
</testsuite> <!-- general_store_Testing.Ecommerce_Application -->
