<?xml version="1.0" encoding="UTF-8"?>
<!-- Generated by org.testng.reporters.JUnitReportReporter -->
<testsuite hostname="DESKTOP-4L5EN7I" failures="0" tests="1" name="Testing.Install_APK_File" time="32.716" errors="0" timestamp="2022-12-18T17:04:22 IST" skipped="0">
  <testcase classname="Testing.Install_APK_File" name="wifiSettingName" time="32.716"/>
  <system-out/>
</testsuite> <!-- Testing.Install_APK_File -->
