<?xml version="1.0" encoding="UTF-8"?>
<!-- Generated by org.testng.reporters.JUnitReportReporter -->
<testsuite hostname="DESKTOP-4L5EN7I" failures="0" tests="1" name="Testing.Driver_Locator_Methods" time="22.776" errors="0" timestamp="2023-01-18T20:08:28 IST" skipped="0">
  <testcase classname="Testing.Driver_Locator_Methods" name="wifiSettingName" time="22.776"/>
  <system-out/>
</testsuite> <!-- Testing.Driver_Locator_Methods -->
